0 info it worked if it ends with ok
1 verbose cli [ 'node', '/usr/local/bin/npm', '-g', 'install', 'stylus' ]
2 info using npm@1.4.23
3 info using node@v0.10.31
4 verbose cache add [ 'stylus', null ]
5 verbose cache add name=undefined spec="stylus" args=["stylus",null]
6 verbose parsed url { protocol: null,
6 verbose parsed url   slashes: null,
6 verbose parsed url   auth: null,
6 verbose parsed url   host: null,
6 verbose parsed url   port: null,
6 verbose parsed url   hostname: null,
6 verbose parsed url   hash: null,
6 verbose parsed url   search: null,
6 verbose parsed url   query: null,
6 verbose parsed url   pathname: 'stylus',
6 verbose parsed url   path: 'stylus',
6 verbose parsed url   href: 'stylus' }
7 silly lockFile 27c0f414-stylus stylus
8 verbose lock stylus /Users/sergiojosuemendivilperez/.npm/27c0f414-stylus.lock
9 silly lockFile 27c0f414-stylus stylus
10 silly lockFile 27c0f414-stylus stylus
11 verbose addNamed [ 'stylus', '' ]
12 verbose addNamed [ null, '*' ]
13 silly lockFile 5140332e-stylus stylus@
14 verbose lock stylus@ /Users/sergiojosuemendivilperez/.npm/5140332e-stylus.lock
15 silly addNameRange { name: 'stylus', range: '*', hasData: false }
16 verbose request where is /stylus
17 verbose request registry https://registry.npmjs.org/
18 verbose request id 000373c31f130cb3
19 verbose url raw /stylus
20 verbose url resolving [ 'https://registry.npmjs.org/', './stylus' ]
21 verbose url resolved https://registry.npmjs.org/stylus
22 verbose request where is https://registry.npmjs.org/stylus
23 info trying registry request attempt 1 at 12:14:09
24 verbose etag "3275KGA6RCBXL008TRL3U6MFG"
25 http GET https://registry.npmjs.org/stylus
26 http 304 https://registry.npmjs.org/stylus
27 silly registry.get cb [ 304,
27 silly registry.get   { date: 'Tue, 16 Sep 2014 18:14:10 GMT',
27 silly registry.get     server: 'Apache',
27 silly registry.get     via: '1.1 varnish',
27 silly registry.get     'last-modified': 'Tue, 16 Sep 2014 18:14:10 GMT',
27 silly registry.get     'cache-control': 'max-age=60',
27 silly registry.get     etag: '"3275KGA6RCBXL008TRL3U6MFG"',
27 silly registry.get     'x-served-by': 'cache-sjc3128-SJC',
27 silly registry.get     'x-cache': 'HIT',
27 silly registry.get     'x-cache-hits': '1',
27 silly registry.get     'x-timer': 'S1410891250.571463,VS0,VE0',
27 silly registry.get     vary: 'Accept',
27 silly registry.get     'content-length': '0',
27 silly registry.get     'keep-alive': 'timeout=10, max=50',
27 silly registry.get     connection: 'Keep-Alive' } ]
28 verbose etag https://registry.npmjs.org/stylus from cache
29 silly addNameRange number 2 { name: 'stylus', range: '*', hasData: true }
30 silly addNameRange versions [ 'stylus',
30 silly addNameRange   [ '0.0.1',
30 silly addNameRange     '0.0.2',
30 silly addNameRange     '0.1.0',
30 silly addNameRange     '0.2.0',
30 silly addNameRange     '0.2.1',
30 silly addNameRange     '0.3.0',
30 silly addNameRange     '0.3.1',
30 silly addNameRange     '0.4.0',
30 silly addNameRange     '0.4.1',
30 silly addNameRange     '0.5.0',
30 silly addNameRange     '0.5.1',
30 silly addNameRange     '0.5.2',
30 silly addNameRange     '0.5.3',
30 silly addNameRange     '0.6.0',
30 silly addNameRange     '0.6.2',
30 silly addNameRange     '0.6.3',
30 silly addNameRange     '0.6.4',
30 silly addNameRange     '0.6.5',
30 silly addNameRange     '0.6.6',
30 silly addNameRange     '0.6.7',
30 silly addNameRange     '0.7.0',
30 silly addNameRange     '0.7.1',
30 silly addNameRange     '0.7.2',
30 silly addNameRange     '0.7.3',
30 silly addNameRange     '0.7.4',
30 silly addNameRange     '0.8.0',
30 silly addNameRange     '0.9.0',
30 silly addNameRange     '0.9.1',
30 silly addNameRange     '0.9.2',
30 silly addNameRange     '0.10.0',
30 silly addNameRange     '0.11.0',
30 silly addNameRange     '0.11.1',
30 silly addNameRange     '0.11.2',
30 silly addNameRange     '0.11.3',
30 silly addNameRange     '0.11.4',
30 silly addNameRange     '0.11.5',
30 silly addNameRange     '0.11.6',
30 silly addNameRange     '0.11.7',
30 silly addNameRange     '0.11.8',
30 silly addNameRange     '0.11.9',
30 silly addNameRange     '0.11.10',
30 silly addNameRange     '0.11.11',
30 silly addNameRange     '0.11.12',
30 silly addNameRange     '0.12.0',
30 silly addNameRange     '0.12.1',
30 silly addNameRange     '0.12.2',
30 silly addNameRange     '0.12.3',
30 silly addNameRange     '0.12.4',
30 silly addNameRange     '0.13.0',
30 silly addNameRange     '0.13.1',
30 silly addNameRange     '0.13.2',
30 silly addNameRange     '0.13.3',
30 silly addNameRange     '0.13.4',
30 silly addNameRange     '0.13.5',
30 silly addNameRange     '0.13.6',
30 silly addNameRange     '0.13.7',
30 silly addNameRange     '0.13.8',
30 silly addNameRange     '0.13.9',
30 silly addNameRange     '0.14.0',
30 silly addNameRange     '0.15.0',
30 silly addNameRange     '0.15.1',
30 silly addNameRange     '0.15.2',
30 silly addNameRange     '0.15.3',
30 silly addNameRange     '0.15.4',
30 silly addNameRange     '0.16.0',
30 silly addNameRange     '0.17.0',
30 silly addNameRange     '0.18.0',
30 silly addNameRange     '0.19.0',
30 silly addNameRange     '0.19.1',
30 silly addNameRange     '0.19.2',
30 silly addNameRange     '0.19.3',
30 silly addNameRange     '0.19.4',
30 silly addNameRange     '0.19.5',
30 silly addNameRange     '0.19.6',
30 silly addNameRange     '0.19.7',
30 silly addNameRange     '0.19.8',
30 silly addNameRange     '0.20.0',
30 silly addNameRange     '0.20.1',
30 silly addNameRange     '0.21.0',
30 silly addNameRange     '0.21.1',
30 silly addNameRange     '0.21.2',
30 silly addNameRange     '0.22.0',
30 silly addNameRange     '0.22.1',
30 silly addNameRange     '0.22.2',
30 silly addNameRange     '0.22.3',
30 silly addNameRange     '0.22.4',
30 silly addNameRange     '0.22.5',
30 silly addNameRange     '0.22.6',
30 silly addNameRange     '0.23.0',
30 silly addNameRange     '0.24.0',
30 silly addNameRange     '0.25.0',
30 silly addNameRange     '0.26.0',
30 silly addNameRange     '0.26.1',
30 silly addNameRange     '0.27.0',
30 silly addNameRange     '0.27.1',
30 silly addNameRange     '0.27.2',
30 silly addNameRange     '0.28.0',
30 silly addNameRange     '0.28.1',
30 silly addNameRange     '0.28.2',
30 silly addNameRange     '0.29.0',
30 silly addNameRange     '0.30.0',
30 silly addNameRange     '0.30.1',
30 silly addNameRange     '0.31.0',
30 silly addNameRange     '0.32.0',
30 silly addNameRange     '0.32.1',
30 silly addNameRange     '0.33.0',
30 silly addNameRange     '0.33.1',
30 silly addNameRange     '0.34.0',
30 silly addNameRange     '0.34.1',
30 silly addNameRange     '0.35.0',
30 silly addNameRange     '0.35.1',
30 silly addNameRange     '0.36.0',
30 silly addNameRange     '0.36.1',
30 silly addNameRange     '0.37.0',
30 silly addNameRange     '0.38.0',
30 silly addNameRange     '0.39.0',
30 silly addNameRange     '0.39.1',
30 silly addNameRange     '0.39.2',
30 silly addNameRange     '0.39.3',
30 silly addNameRange     '0.39.4',
30 silly addNameRange     '0.40.0',
30 silly addNameRange     '0.40.1',
30 silly addNameRange     '0.40.2',
30 silly addNameRange     '0.40.3',
30 silly addNameRange     '0.41.0',
30 silly addNameRange     '0.41.1',
30 silly addNameRange     '0.41.2',
30 silly addNameRange     '0.41.3',
30 silly addNameRange     '0.42.0',
30 silly addNameRange     '0.42.1',
30 silly addNameRange     '0.42.2',
30 silly addNameRange     '0.42.3',
30 silly addNameRange     '0.43.0',
30 silly addNameRange     '0.44.0-beta',
30 silly addNameRange     '0.43.1',
30 silly addNameRange     '0.44.0-beta2',
30 silly addNameRange     '0.44.0-beta3',
30 silly addNameRange     '0.44.0',
30 silly addNameRange     '0.45.0',
30 silly addNameRange     '0.45.1',
30 silly addNameRange     '0.46.0',
30 silly addNameRange     '0.46.1',
30 silly addNameRange     '0.46.2',
30 silly addNameRange     '0.46.3',
30 silly addNameRange     '0.47.0',
30 silly addNameRange     '0.47.1',
30 silly addNameRange     '0.47.2',
30 silly addNameRange     '0.47.3',
30 silly addNameRange     '0.48.0',
30 silly addNameRange     '0.48.1' ] ]
31 verbose addNamed [ 'stylus', '0.48.1' ]
32 verbose addNamed [ '0.48.1', '0.48.1' ]
33 silly lockFile c91de2fa-stylus-0-48-1 stylus@0.48.1
34 verbose lock stylus@0.48.1 /Users/sergiojosuemendivilperez/.npm/c91de2fa-stylus-0-48-1.lock
35 silly lockFile c91de2fa-stylus-0-48-1 stylus@0.48.1
36 silly lockFile c91de2fa-stylus-0-48-1 stylus@0.48.1
37 silly lockFile 5140332e-stylus stylus@
38 silly lockFile 5140332e-stylus stylus@
39 silly resolved [ { name: 'stylus',
39 silly resolved     description: 'Robust, expressive, and feature-rich CSS superset',
39 silly resolved     version: '0.48.1',
39 silly resolved     author: { name: 'TJ Holowaychuk', email: 'tj@vision-media.ca' },
39 silly resolved     keywords: [ 'css', 'parser', 'style', 'stylesheets', 'jade', 'language' ],
39 silly resolved     repository: { type: 'git', url: 'git://github.com/LearnBoost/stylus' },
39 silly resolved     main: './index.js',
39 silly resolved     browserify: './lib/browserify.js',
39 silly resolved     engines: { node: '*' },
39 silly resolved     bin: { stylus: './bin/stylus' },
39 silly resolved     scripts:
39 silly resolved      { prepublish: 'npm prune',
39 silly resolved        test: 'mocha test/ test/middleware/ --require should --bail --reporter dot',
39 silly resolved        'test-cov': 'mocha test/ test/middleware/ --require should --bail --reporter html-cov > coverage.html' },
39 silly resolved     dependencies:
39 silly resolved      { 'css-parse': '1.7.x',
39 silly resolved        mkdirp: '0.3.x',
39 silly resolved        debug: '*',
39 silly resolved        sax: '0.5.x',
39 silly resolved        glob: '3.2.x',
39 silly resolved        'source-map': '0.1.x' },
39 silly resolved     devDependencies: { should: '2.x', mocha: '*', jscoverage: '0.3.8' },
39 silly resolved     bugs: { url: 'https://github.com/LearnBoost/stylus/issues' },
39 silly resolved     homepage: 'https://github.com/LearnBoost/stylus',
39 silly resolved     directories: { doc: 'docs', example: 'examples', test: 'test' },
39 silly resolved     license: 'MIT',
39 silly resolved     _id: 'stylus@0.48.1',
39 silly resolved     _shasum: '612c1b8806ce2c35f37cd3a57ad932c883f7ff10',
39 silly resolved     _from: 'stylus@',
39 silly resolved     _npmVersion: '1.4.9',
39 silly resolved     _npmUser: { name: 'kizu', email: 'kizmarh@ya.ru' },
39 silly resolved     maintainers: [ [Object], [Object] ],
39 silly resolved     dist:
39 silly resolved      { shasum: '612c1b8806ce2c35f37cd3a57ad932c883f7ff10',
39 silly resolved        tarball: 'http://registry.npmjs.org/stylus/-/stylus-0.48.1.tgz' },
39 silly resolved     _resolved: 'https://registry.npmjs.org/stylus/-/stylus-0.48.1.tgz',
39 silly resolved     readme: 'ERROR: No README data found!' } ]
40 info install stylus@0.48.1 into /usr/local/lib
41 info installOne stylus@0.48.1
42 verbose lib/node_modules/stylus unbuild
43 verbose tar unpack /Users/sergiojosuemendivilperez/.npm/stylus/0.48.1/package.tgz
44 silly lockFile 4aac4a2d-sr-local-lib-node-modules-stylus tar:///usr/local/lib/node_modules/stylus
45 verbose lock tar:///usr/local/lib/node_modules/stylus /Users/sergiojosuemendivilperez/.npm/4aac4a2d-sr-local-lib-node-modules-stylus.lock
46 silly lockFile 72c8fec2-ez-npm-stylus-0-48-1-package-tgz tar:///Users/sergiojosuemendivilperez/.npm/stylus/0.48.1/package.tgz
47 verbose lock tar:///Users/sergiojosuemendivilperez/.npm/stylus/0.48.1/package.tgz /Users/sergiojosuemendivilperez/.npm/72c8fec2-ez-npm-stylus-0-48-1-package-tgz.lock
48 silly gunzTarPerm modes [ '755', '644' ]
49 error Error: EACCES, mkdir '/usr/local/lib/node_modules/stylus'
49 error  { [Error: EACCES, mkdir '/usr/local/lib/node_modules/stylus']
49 error   errno: 3,
49 error   code: 'EACCES',
49 error   path: '/usr/local/lib/node_modules/stylus',
49 error   fstream_type: 'Directory',
49 error   fstream_path: '/usr/local/lib/node_modules/stylus',
49 error   fstream_class: 'DirWriter',
49 error   fstream_stack:
49 error    [ '/usr/local/lib/node_modules/npm/node_modules/fstream/lib/dir-writer.js:36:23',
49 error      '/usr/local/lib/node_modules/npm/node_modules/mkdirp/index.js:46:53',
49 error      'Object.oncomplete (fs.js:107:15)' ] }
50 error Please try running this command again as root/Administrator.
51 error System Darwin 13.3.0
52 error command "node" "/usr/local/bin/npm" "-g" "install" "stylus"
53 error cwd /Users/sergiojosuemendivilperez/Desktop/lavid2015/css
54 error node -v v0.10.31
55 error npm -v 1.4.23
56 error path /usr/local/lib/node_modules/stylus
57 error fstream_path /usr/local/lib/node_modules/stylus
58 error fstream_type Directory
59 error fstream_class DirWriter
60 error code EACCES
61 error errno 3
62 error stack Error: EACCES, mkdir '/usr/local/lib/node_modules/stylus'
63 error fstream_stack /usr/local/lib/node_modules/npm/node_modules/fstream/lib/dir-writer.js:36:23
63 error fstream_stack /usr/local/lib/node_modules/npm/node_modules/mkdirp/index.js:46:53
63 error fstream_stack Object.oncomplete (fs.js:107:15)
64 verbose exit [ 3, true ]
